<?xml version="1.0" encoding="UTF-8"?>
<!-- Generated by org.testng.reporters.JUnitReportReporter -->
<testsuite skipped="0" hostname="DBS-NOTE-228" name="testng.GoogleSearchTests" tests="7" failures="0" timestamp="2020-05-02T18:43:35 BRT" time="89.752" errors="0">
  <testcase name="pesquisaNoGoogle" time="13.758" classname="testng.GoogleSearchTests"/>
  <system-out/>
  <testcase name="pesquisaNoGoogle" time="12.691" classname="testng.GoogleSearchTests"/>
  <system-out/>
  <testcase name="pesquisaNoGoogle" time="12.687" classname="testng.GoogleSearchTests"/>
  <system-out/>
  <testcase name="pesquisaNoGoogle" time="13.019" classname="testng.GoogleSearchTests"/>
  <system-out/>
  <testcase name="pesquisaNoGoogle" time="12.873" classname="testng.GoogleSearchTests"/>
  <system-out/>
  <testcase name="pesquisaNoGoogle" time="11.851" classname="testng.GoogleSearchTests"/>
  <system-out/>
  <testcase name="pesquisaNoGoogle" time="12.873" classname="testng.GoogleSearchTests"/>
  <system-out/>
</testsuite> <!-- testng.GoogleSearchTests -->
