<?xml version="1.0" encoding="UTF-8"?>
<!-- Generated by org.testng.reporters.JUnitReportReporter -->
<testsuite skipped="0" hostname="DBS-NOTE-228" name="testng.NewTest" tests="1" failures="0" timestamp="2020-05-02T12:10:59 BRT" time="9.648" errors="0">
  <testcase name="pesquisaNoGoogle" time="9.648" classname="testng.NewTest"/>
  <system-out/>
</testsuite> <!-- testng.NewTest -->
